<?xml version="1.0" encoding="UTF-8"?>
<!-- Generated by org.testng.reporters.JUnitReportReporter -->
<testsuite skipped="0" hostname="HYDPCM454377D" name="SeleniumPrac.HomePage" tests="1" failures="0" timestamp="17 Aug 2018 11:07:30 GMT" time="64.487" errors="0">
  <testcase name="basePageNavigation" time="64.487" classname="SeleniumPrac.HomePage"/>
</testsuite> <!-- SeleniumPrac.HomePage -->
